focus/Temp/gradleOut/build/outputs/logs/manifest-merger-release-report.txt
-- Merging decision tree log ---
manifest
ADDED from src\main\AndroidManifest.xml:2:1-26:12
INJECTED from src\main\AndroidManifest.xml:2:1-26:12
INJECTED from src\main\AndroidManifest.xml:2:1-26:12
INJECTED from src\main\AndroidManifest.xml:2:1-26:12
MERGED from [:audio360:] AndroidManifest.xml:2:1-14:12
MERGED from [:OVRPlugin:] AndroidManifest.xml:2:1-9:12
INJECTED from src\main\AndroidManifest.xml:2:1-26:12
INJECTED from src\main\AndroidManifest.xml:2:1-26:12
INJECTED from src\main\AndroidManifest.xml:2:1-26:12
	package
		ADDED from src\main\AndroidManifest.xml:2:70-106
		INJECTED from src\main\AndroidManifest.xml
		INJECTED from src\main\AndroidManifest.xml
	android:versionName
		INJECTED from src\main\AndroidManifest.xml
		ADDED from src\main\AndroidManifest.xml:2:1-26:12
		INJECTED from src\main\AndroidManifest.xml
	xmlns:tools
		ADDED from src\main\AndroidManifest.xml:2:107-153
	android:versionCode
		INJECTED from src\main\AndroidManifest.xml
		ADDED from src\main\AndroidManifest.xml:2:1-26:12
		INJECTED from src\main\AndroidManifest.xml
	xmlns:android
		ADDED from src\main\AndroidManifest.xml:2:11-69
	android:installLocation
		ADDED from src\main\AndroidManifest.xml:2:154-184
supports-screens
ADDED from src\main\AndroidManifest.xml:3:3-163
	android:largeScreens
		ADDED from src\main\AndroidManifest.xml:3:78-105
	android:smallScreens
		ADDED from src\main\AndroidManifest.xml:3:21-48
	android:normalScreens
		ADDED from src\main\AndroidManifest.xml:3:49-77
	android:xlargeScreens
		ADDED from src\main\AndroidManifest.xml:3:106-134
	android:anyDensity
		ADDED from src\main\AndroidManifest.xml:3:135-160
application
ADDED from src\main\AndroidManifest.xml:4:3-18:17
MERGED from [:audio360:] AndroidManifest.xml:11:5-12:19
MERGED from [:audio360:] AndroidManifest.xml:11:5-12:19
MERGED from [:OVRPlugin:] AndroidManifest.xml:4:3-6:17
MERGED from [:OVRPlugin:] AndroidManifest.xml:4:3-6:17
	android:label
		ADDED from src\main\AndroidManifest.xml:4:90-122
	android:icon
		ADDED from src\main\AndroidManifest.xml:4:58-89
	android:allowBackup
		ADDED from src\main\AndroidManifest.xml:4:123-150
	android:theme
		ADDED from src\main\AndroidManifest.xml:4:16-57
	android:networkSecurityConfig
		ADDED from src\main\AndroidManifest.xml:4:151-206
activity#com.unity3d.player.UnityPlayerActivity
ADDED from src\main\AndroidManifest.xml:5:5-12:16
	android:screenOrientation
		ADDED from src\main\AndroidManifest.xml:5:102-139
	android:label
		ADDED from src\main\AndroidManifest.xml:5:69-101
	android:launchMode
		ADDED from src\main\AndroidManifest.xml:5:140-171
	android:hardwareAccelerated
		ADDED from src\main\AndroidManifest.xml:5:274-309
	android:configChanges
		ADDED from src\main\AndroidManifest.xml:5:172-273
	android:theme
		ADDED from src\main\AndroidManifest.xml:5:310-374
	android:name
		ADDED from src\main\AndroidManifest.xml:5:15-68
intent-filter#action:name:android.intent.action.MAIN+category:name:android.intent.category.INFO
ADDED from src\main\AndroidManifest.xml:6:7-9:23
action#android.intent.action.MAIN
ADDED from src\main\AndroidManifest.xml:7:9-61
	android:name
		ADDED from src\main\AndroidManifest.xml:7:17-58
category#android.intent.category.INFO
ADDED from src\main\AndroidManifest.xml:8:9-65
	android:name
		ADDED from src\main\AndroidManifest.xml:8:19-62
meta-data#unityplayer.UnityActivity
ADDED from src\main\AndroidManifest.xml:10:7-82
	android:value
		ADDED from src\main\AndroidManifest.xml:10:59-79
	android:name
		ADDED from src\main\AndroidManifest.xml:10:18-58
meta-data#android.notch_support
ADDED from src\main\AndroidManifest.xml:11:7-78
	android:value
		ADDED from src\main\AndroidManifest.xml:11:55-75
	android:name
		ADDED from src\main\AndroidManifest.xml:11:18-54
meta-data#unity.build-id
ADDED from src\main\AndroidManifest.xml:13:5-101
	android:value
		ADDED from src\main\AndroidManifest.xml:13:46-98
	android:name
		ADDED from src\main\AndroidManifest.xml:13:16-45
meta-data#unity.splash-mode
ADDED from src\main\AndroidManifest.xml:14:5-69
	android:value
		ADDED from src\main\AndroidManifest.xml:14:49-66
	android:name
		ADDED from src\main\AndroidManifest.xml:14:16-48
meta-data#unity.splash-enable
ADDED from src\main\AndroidManifest.xml:15:5-75
	android:value
		ADDED from src\main\AndroidManifest.xml:15:51-72
	android:name
		ADDED from src\main\AndroidManifest.xml:15:16-50
meta-data#notch.config
ADDED from src\main\AndroidManifest.xml:16:5-81
	android:value
		ADDED from src\main\AndroidManifest.xml:16:44-78
	android:name
		ADDED from src\main\AndroidManifest.xml:16:16-43
meta-data#com.samsung.android.vr.application.mode
ADDED from src\main\AndroidManifest.xml:17:5-97
MERGED from [:OVRPlugin:] AndroidManifest.xml:5:5-96
MERGED from [:OVRPlugin:] AndroidManifest.xml:5:5-96
	android:value
		ADDED from src\main\AndroidManifest.xml:17:71-94
	android:name
		ADDED from src\main\AndroidManifest.xml:17:16-70
supports-gl-texture#GL_KHR_texture_compression_astc_ldr
ADDED from src\main\AndroidManifest.xml:19:3-77
	android:name
		ADDED from src\main\AndroidManifest.xml:19:24-74
uses-permission#android.permission.INTERNET
ADDED from src\main\AndroidManifest.xml:20:3-65
MERGED from [:OVRPlugin:] AndroidManifest.xml:7:3-65
MERGED from [:OVRPlugin:] AndroidManifest.xml:7:3-65
	android:name
		ADDED from src\main\AndroidManifest.xml:20:20-62
uses-permission#android.permission.RECORD_AUDIO
ADDED from src\main\AndroidManifest.xml:21:3-69
	android:name
		ADDED from src\main\AndroidManifest.xml:21:20-66
uses-permission#android.permission.MODIFY_AUDIO_SETTINGS
ADDED from src\main\AndroidManifest.xml:22:3-78
	android:name
		ADDED from src\main\AndroidManifest.xml:22:20-75
uses-permission#android.permission.BROADCAST_STICKY
ADDED from src\main\AndroidManifest.xml:23:3-73
	android:name
		ADDED from src\main\AndroidManifest.xml:23:20-70
uses-permission#android.permission.BLUETOOTH
ADDED from src\main\AndroidManifest.xml:24:3-66
	android:name
		ADDED from src\main\AndroidManifest.xml:24:20-63
uses-feature#android.hardware.vr.headtracking
ADDED from src\main\AndroidManifest.xml:25:3-111
	android:version
		ADDED from src\main\AndroidManifest.xml:25:89-108
	android:required
		ADDED from src\main\AndroidManifest.xml:25:65-88
	android:name
		ADDED from src\main\AndroidManifest.xml:25:17-64
uses-sdk
INJECTED from src\main\AndroidManifest.xml reason: use-sdk injection requested
INJECTED from src\main\AndroidManifest.xml
INJECTED from src\main\AndroidManifest.xml
MERGED from [:audio360:] AndroidManifest.xml:7:5-9:41
MERGED from [:audio360:] AndroidManifest.xml:7:5-9:41
MERGED from [:OVRPlugin:] AndroidManifest.xml:3:3-45
MERGED from [:OVRPlugin:] AndroidManifest.xml:3:3-45
INJECTED from src\main\AndroidManifest.xml
INJECTED from src\main\AndroidManifest.xml
	android:targetSdkVersion
		INJECTED from src\main\AndroidManifest.xml
		ADDED from src\main\AndroidManifest.xml
		INJECTED from src\main\AndroidManifest.xml
	android:minSdkVersion
		INJECTED from src\main\AndroidManifest.xml
		ADDED from src\main\AndroidManifest.xml
		MERGED from src\main\AndroidManifest.xml
		INJECTED from src\main\AndroidManifest.xml
uses-permission#android.permission.WAKE_LOCK
ADDED from [:OVRPlugin:] AndroidManifest.xml:8:3-66
	android:name
		ADDED from [:OVRPlugin:] AndroidManifest.xml:8:20-63